SQL> -- ------------------------------------------------------------
SQL> --
SQL> -- Name: < Justin King >
SQL> --
SQL> -- -------------------------------------------------------------
SQL> --
SQL> -- NULL AND SUBSTRINGS -------------------------------
SQL> --
SQL> /*(10B)
SQL> Find the ssn and last name of every employee whose ssn contains two consecutive 8's, and has a supervisor. Sort the results by ssn.
SQL> */
SQL> SELECT Ssn, Lname From EMPLOYEE WHERE Ssn LIKE '%88%'  and Super_ssn is not NULL;

SSN       LNAME                                                                 
--------- ---------------                                                       
999887777 Zelaya                                                                
666884444 Narayan                                                               

SQL> --
SQL> -- JOINING 3 TABLES ------------------------------
SQL> --
SQL> /*(11B)
SQL> For every employee who works for more than 20 hours on any project that is controlled by the research department: Find the ssn, project number,  and number of hours. Sort the results by ssn.
SQL> */
SQL> SELECT Essn, Pno, Hours FROM WORKS_ON w, PROJECT p WHERE Hours > 20 and w.Pno = p.Pnumber and p.Dnum = 4 ORDER BY e.Ssn;
SELECT Essn, Pno, Hours FROM WORKS_ON w, PROJECT p WHERE Hours > 20 and w.Pno = p.Pnumber and p.Dnum = 4 ORDER BY e.Ssn
                                                                                                                  *
ERROR at line 1:
ORA-00904: "E"."SSN": invalid identifier 


SQL> --
SQL> -- JOINING 3 TABLES ---------------------------
SQL> --
SQL> /*(12B)
SQL> Write a query that consists of one block only.
SQL> For every employee who works less than 10 hours on any project that is controlled by the department he works for: Find the employee's lname, his department number, project number, the number of the department controlling it, and the number of hours he works on that project. Sort the results by lname.
SQL> */
SQL> SELECT e.Lname, e.Ssn, w.Pno, p.Dnum, w.Hours FROM EMPLOYEE e, WORKS_ON w, PROJECT p WHERE e.Ssn=w.Essn AND w.Pno=p.Pnumber AND w.Hours < 10 ORDER BY e.Lname;

LNAME           SSN              PNO       DNUM      HOURS                      
--------------- --------- ---------- ---------- ----------                      
Jabbar          987987987         30          4          5                      
Smith           123456789          2          5        7.5                      

SQL> --
SQL> -- JOINING 4 TABLES -------------------------
SQL> --
SQL> /*(13B)
SQL> For every employee who works on any project that is located in Houston: Find the employees ssn and lname, and the names of his/her dependent(s) and their relationship(s) to the employee. Notice that there will be one row per qualyfing dependent. Sort the results by employee lname.
SQL> */
SQL> SELECT DISTINCT e.Ssn, e.Lname, d.Dependent_name, d.Relationship FROM EMPLOYEE e, DEPENDENT d, PROJECT p, WORKS_ON w WHERE e.Ssn=w.Essn AND e.Ssn = d.Essn AND w.Pno = p.Pnumber AND p.Plocation = 'Houston' ORDER BY e.Lname;

SSN       LNAME           DEPENDENT_NAME  RELATION                              
--------- --------------- --------------- --------                              
987654321 Wallace         Abner           Spouse                                
333445555 Wong            Alice           Daughter                              
333445555 Wong            Joy             Spouse                                
333445555 Wong            Theodore        Son                                   

SQL> --
SQL> -- SELF JOIN -------------------------------------------
SQL> --
SQL> /*(14B)
SQL> Write a query that consists of one block only.
SQL> For every employee who works for a department that is different from his supervisor's department: Find his ssn, lname, department number; and his supervisor's ssn, lname, and department number. Sort the results by ssn.
SQL> */
SQL> SELECT e.Ssn, e.Lname, e.Dno, s.Ssn, s.Lname, s.Dno  FROM EMPLOYEE e, EMPLOYEE s WHERE e.Dno <> s.Dno AND e.Super_ssn =  s.Ssn  ORDER BY e.Ssn;

SSN       LNAME                  DNO SSN       LNAME                  DNO       
--------- --------------- ---------- --------- --------------- ----------       
333445555 Wong                     5 888665555 Borg                     1       
987654321 Wallace                  4 888665555 Borg                     1       

SQL> --
SQL> -- USING MORE THAN ONE RANGE VARIABLE ON ONE TABLE -------------------
SQL> --
SQL> /*(15B)
SQL> Find pairs of employee lname's such that the two employees in the pair work on the same project for the same number of hours. List every pair once only. Sort the result by the lname in the left column in the result.
SQL> */
SQL> SELECT E1.Lname, E2.Lname FROM EMPLOYEE E1, EMPLOYEE E2, WORKS_ON W1, WORKS_ON W2 WHERE E1.Ssn = W1.Essn AND E2.Ssn = W2.Essn AND W1.Pno = W2.Pno AND W1.Hours = W2.Hours And E1.Ssn > E2.SSn ORDER BY E1.Ssn;

LNAME           LNAME                                                           
--------------- ---------------                                                 
Zelaya          Wong                                                            

SQL> --
SQL> /*(16B)
SQL> For every employee who has more than one dependent: Find the ssn, lname, and number of dependents. Sort the result by lname
SQL> */
SQL> SELECT e.Ssn, E.lname, COUNT(*) FROM EMPLOYEE e, DEPENDENT d WHERE e.Ssn = d.Essn GROUP BY e.Ssn, e.Lname HAVING COUNT(*) > 1 ORDER BY e.Lname;

SSN       LNAME             COUNT(*)                                            
--------- --------------- ----------                                            
123456789 Smith                    3                                            
333445555 Wong                     3                                            

SQL> --
SQL> /*(17B)
SQL> For every project that has more than 2 employees working on and the total hours worked on it is less than 40: Find the project number, project name, number of employees working on it, and the total number of hours worked by all employees on that project. Sort the results by project number.
SQL> */
SQL> SELECT p.Pnumber, p.Pname, COUNT(*), SUM (w.Hours) FROM WORKS_ON w, PROJECT p WHERE w.Pno = p.Pnumber GROUP BY p.Pnumber, p.Pname HAVING COUNT(*) > 2 AND SUM(w.Hours) < 48 ORDER BY p.Pnumber;

   PNUMBER PNAME             COUNT(*) SUM(W.HOURS)                              
---------- --------------- ---------- ------------                              
         2 ProductY                 3         37.5                              
        20 Reorganization           3           25                              

SQL> --
SQL> -- CORRELATED SUBQUERY --------------------------------
SQL> --
SQL> /*(18B)
SQL> For every employee whose salary is above the average salary in his department: Find the dno, ssn, lname, and salary. Sort the results by department number.
SQL> */
SQL> SELECT Dno, Ssn, Lname, Salary FROM EMPLOYEE e WHERE Salary > (SELECT AVG(Salary) FROM EMPLOYEE e2 WHERE e2.Dno = e.Dno);

       DNO SSN       LNAME               SALARY                                 
---------- --------- --------------- ----------                                 
         5 333445555 Wong                 40000                                 
         4 987654321 Wallace              43000                                 
         5 666884444 Narayan              38000                                 

SQL> --
SQL> -- CORRELATED SUBQUERY -------------------------------
SQL> --
SQL> /*(19B)
SQL> For every employee who works for the research department but does not work on any one project for more than 20 hours: Find the ssn and lname. Sort the results by lname
SQL> */
SQL> SELECT e.Ssn, e.Lname FROM EMPLOYEE e, DEPARTMENT d WHERE e.Dno = d.Dnumber AND d.Dname = 'Research' AND E.Ssn NOT IN
  2  	     (SELECT w.Essn FROM WORKS_ON w WHERE e.Ssn = w.Essn AND w.Hours > 20) ORDER BY e.Lname;

SSN       LNAME                                                                 
--------- ---------------                                                       
453453453 English                                                               
333445555 Wong                                                                  

SQL> --
SQL> -- DIVISION ---------------------------------------------
SQL> --
SQL> /*(20B) Hint: This is a DIVISION query
SQL> For every employee who works on every project that is controlled by department 4: Find the ssn and lname. Sort the results by lname
SQL> */
SQL> SELECT e.Ssn, e.Lname FROM EMPLOYEE e WHERE NOT EXISTS(
  2  	     (SELECT p.Pnumber FROM PROJECT p WHERE p.Dnum = 4) MINUS (SELECT w.Pno FROM WORKS_ON w WHERE e.Ssn = w.Essn)) ORDER BY e.Lname;

SSN       LNAME                                                                 
--------- ---------------                                                       
987987987 Jabbar                                                                
999887777 Zelaya                                                                

SQL> --
SQL> SET ECHO OFF
